2026-06-06 13:47:44 - detector.model_loader - ERROR - Failed to load model: cannot import name 'torch_load' from 'ultralytics.utils.patches' (/home/lora/.pyenv/versions/3.11.11/lib/python3.11/site-packages/ultralytics/utils/patches.py)
2026-06-06 13:47:44 - utils.logger - ERROR - System initialization error: cannot import name 'torch_load' from 'ultralytics.utils.patches' (/home/lora/.pyenv/versions/3.11.11/lib/python3.11/site-packages/ultralytics/utils/patches.py)
2026-06-06 13:56:59 - detector.model_loader - ERROR - Failed to load model: No module named 'IPython'
2026-06-06 13:56:59 - utils.logger - ERROR - System initialization error: No module named 'IPython'
2026-06-06 16:56:13 - detector.model_loader - ERROR - Failed to load model: No module named 'IPython'
2026-06-06 16:56:13 - utils.logger - ERROR - System initialization error: No module named 'IPython'
2026-06-06 16:58:12 - detector.model_loader - ERROR - Failed to load model: No module named 'IPython'
2026-06-06 16:58:12 - utils.logger - ERROR - System initialization error: No module named 'IPython'
2026-06-06 17:01:25 - detector.model_loader - ERROR - Failed to load model: No module named 'IPython'
2026-06-06 17:01:25 - utils.logger - ERROR - System initialization error: No module named 'IPython'
2026-06-06 17:02:45 - detector.model_loader - ERROR - Failed to load model: No module named 'IPython'
2026-06-06 17:02:45 - utils.logger - ERROR - System initialization error: No module named 'IPython'
2026-06-06 17:12:05 - lora.serial_handler - ERROR - Connection not established
2026-06-06 17:12:05 - lora.serial_handler - ERROR - Connection not established
2026-06-06 17:12:06 - lora.serial_handler - ERROR - Connection not established
2026-06-06 17:12:06 - lora.serial_handler - ERROR - Connection not established
2026-06-06 17:12:08 - lora.serial_handler - ERROR - Connection not established
2026-06-06 17:12:08 - lora.serial_handler - ERROR - Connection not established
2026-06-06 17:12:10 - lora.serial_handler - ERROR - Connection not established
2026-06-06 17:12:10 - lora.serial_handler - ERROR - Connection not established
2026-06-06 17:12:11 - lora.serial_handler - ERROR - Connection not established
2026-06-06 17:12:11 - lora.serial_handler - ERROR - Connection not established
2026-06-06 17:12:13 - lora.serial_handler - ERROR - Connection not established
2026-06-06 17:12:13 - lora.serial_handler - ERROR - Connection not established
2026-06-06 17:12:18 - lora.serial_handler - ERROR - Connection not established
2026-06-06 17:12:18 - lora.serial_handler - ERROR - Connection not established
2026-06-06 17:12:20 - lora.serial_handler - ERROR - Connection not established
2026-06-06 17:12:20 - lora.serial_handler - ERROR - Connection not established
2026-06-06 17:12:22 - lora.serial_handler - ERROR - Connection not established
2026-06-06 17:12:22 - lora.serial_handler - ERROR - Connection not established
2026-06-06 17:12:24 - lora.serial_handler - ERROR - Connection not established
2026-06-06 17:12:24 - lora.serial_handler - ERROR - Connection not established
2026-06-06 17:12:25 - lora.serial_handler - ERROR - Connection not established
2026-06-06 17:12:25 - lora.serial_handler - ERROR - Connection not established
2026-06-06 17:12:27 - lora.serial_handler - ERROR - Connection not established
2026-06-06 17:12:27 - lora.serial_handler - ERROR - Connection not established
2026-06-06 17:12:29 - lora.serial_handler - ERROR - Connection not established
2026-06-06 17:12:29 - lora.serial_handler - ERROR - Connection not established
2026-06-06 17:12:30 - lora.serial_handler - ERROR - Connection not established
2026-06-06 17:12:30 - lora.serial_handler - ERROR - Connection not established
2026-06-06 17:12:31 - lora.serial_handler - ERROR - Connection not established
2026-06-06 17:12:31 - lora.serial_handler - ERROR - Connection not established
2026-06-06 17:13:47 - lora.serial_handler - ERROR - Connection not established
2026-06-06 17:13:47 - lora.serial_handler - ERROR - Connection not established
2026-06-06 17:13:51 - lora.serial_handler - ERROR - Connection not established
2026-06-06 17:13:51 - lora.serial_handler - ERROR - Connection not established
2026-06-06 17:13:53 - lora.serial_handler - ERROR - Connection not established
2026-06-06 17:13:53 - lora.serial_handler - ERROR - Connection not established
2026-06-06 17:13:55 - lora.serial_handler - ERROR - Connection not established
2026-06-06 17:13:55 - lora.serial_handler - ERROR - Connection not established
2026-06-06 17:13:57 - lora.serial_handler - ERROR - Connection not established
2026-06-06 17:13:57 - lora.serial_handler - ERROR - Connection not established
2026-06-06 17:13:59 - lora.serial_handler - ERROR - Connection not established
2026-06-06 17:13:59 - lora.serial_handler - ERROR - Connection not established
2026-06-06 17:14:01 - lora.serial_handler - ERROR - Connection not established
2026-06-06 17:14:01 - lora.serial_handler - ERROR - Connection not established
2026-06-06 17:14:03 - lora.serial_handler - ERROR - Connection not established
2026-06-06 17:14:03 - lora.serial_handler - ERROR - Connection not established
2026-06-06 17:14:05 - lora.serial_handler - ERROR - Connection not established
2026-06-06 17:14:05 - lora.serial_handler - ERROR - Connection not established
2026-06-06 17:14:07 - lora.serial_handler - ERROR - Connection not established
2026-06-06 17:14:07 - lora.serial_handler - ERROR - Connection not established
2026-06-06 17:34:55 - lora.serial_handler - ERROR - Connection not established
2026-06-06 17:34:55 - lora.serial_handler - ERROR - Connection not established
2026-06-06 17:34:56 - lora.serial_handler - ERROR - Connection not established
2026-06-06 17:34:56 - lora.serial_handler - ERROR - Connection not established
2026-06-06 17:34:59 - lora.serial_handler - ERROR - Connection not established
2026-06-06 17:34:59 - lora.serial_handler - ERROR - Connection not established
2026-06-06 17:35:02 - lora.serial_handler - ERROR - Connection not established
2026-06-06 17:35:02 - lora.serial_handler - ERROR - Connection not established
2026-06-06 17:35:04 - lora.serial_handler - ERROR - Connection not established
2026-06-06 17:35:04 - lora.serial_handler - ERROR - Connection not established
2026-06-06 17:35:05 - lora.serial_handler - ERROR - Connection not established
2026-06-06 17:35:05 - lora.serial_handler - ERROR - Connection not established
2026-06-06 17:35:06 - lora.serial_handler - ERROR - Connection not established
2026-06-06 17:35:06 - lora.serial_handler - ERROR - Connection not established
2026-06-06 17:35:07 - lora.serial_handler - ERROR - Connection not established
2026-06-06 17:35:07 - lora.serial_handler - ERROR - Connection not established
